Determining if the pthread_create exist failed with the following output:
Change Dir: /home/lentin/ball_tracker/build/CMakeFiles/CMakeTmp

Run Build Command:/usr/bin/make "cmTryCompileExec690578499/fast"
make[1]: Entering directory `/home/lentin/ball_tracker/build/CMakeFiles/CMakeTmp'
/usr/bin/make -f CMakeFiles/cmTryCompileExec690578499.dir/build.make CMakeFiles/cmTryCompileExec690578499.dir/build
make[2]: Entering directory `/home/lentin/ball_tracker/build/CMakeFiles/CMakeTmp'
/usr/bin/cmake -E cmake_progress_report /home/lentin/ball_tracker/build/CMakeFiles/CMakeTmp/CMakeFiles 1
Building C object CMakeFiles/cmTryCompileExec690578499.dir/CheckSymbolExists.c.o
/usr/bin/cc    -o CMakeFiles/cmTryCompileExec690578499.dir/CheckSymbolExists.c.o   -c /home/lentin/ball_tracker/build/CMakeFiles/CMakeTmp/CheckSymbolExists.c
Linking C executable cmTryCompileExec690578499
/usr/bin/cmake -E cmake_link_script CMakeFiles/cmTryCompileExec690578499.dir/link.txt --verbose=1
/usr/bin/cc         CMakeFiles/cmTryCompileExec690578499.dir/CheckSymbolExists.c.o  -o cmTryCompileExec690578499 -rdynamic 
CMakeFiles/cmTryCompileExec690578499.dir/CheckSymbolExists.c.o: In function `main':
CheckSymbolExists.c:(.text+0x16): undefined reference to `pthread_create'
collect2: error: ld returned 1 exit status
make[2]: *** [cmTryCompileExec690578499] Error 1
make[2]: Leaving directory `/home/lentin/ball_tracker/build/CMakeFiles/CMakeTmp'
make[1]: Leaving directory `/home/lentin/ball_tracker/build/CMakeFiles/CMakeTmp'
make[1]: *** [cmTryCompileExec690578499/fast] Error 2

File /home/lentin/ball_tracker/build/CMakeFiles/CMakeTmp/CheckSymbolExists.c:
/* */
#include <pthread.h>

int main(int argc, char** argv)
{
  (void)argv;
#ifndef pthread_create
  return ((int*)(&pthread_create))[argc];
#else
  (void)argc;
  return 0;
#endif
}

Determining if the function pthread_create exists in the pthreads failed with the following output:
Change Dir: /home/lentin/ball_tracker/build/CMakeFiles/CMakeTmp

Run Build Command:/usr/bin/make "cmTryCompileExec3003869560/fast"
make[1]: Entering directory `/home/lentin/ball_tracker/build/CMakeFiles/CMakeTmp'
/usr/bin/make -f CMakeFiles/cmTryCompileExec3003869560.dir/build.make CMakeFiles/cmTryCompileExec3003869560.dir/build
make[2]: Entering directory `/home/lentin/ball_tracker/build/CMakeFiles/CMakeTmp'
/usr/bin/cmake -E cmake_progress_report /home/lentin/ball_tracker/build/CMakeFiles/CMakeTmp/CMakeFiles 1
Building C object CMakeFiles/cmTryCompileExec3003869560.dir/CheckFunctionExists.c.o
/usr/bin/cc   -DCHECK_FUNCTION_EXISTS=pthread_create   -o CMakeFiles/cmTryCompileExec3003869560.dir/CheckFunctionExists.c.o   -c /usr/share/cmake-2.8/Modules/CheckFunctionExists.c
Linking C executable cmTryCompileExec3003869560
/usr/bin/cmake -E cmake_link_script CMakeFiles/cmTryCompileExec3003869560.dir/link.txt --verbose=1
/usr/bin/cc     -DCHECK_FUNCTION_EXISTS=pthread_create    CMakeFiles/cmTryCompileExec3003869560.dir/CheckFunctionExists.c.o  -o cmTryCompileExec3003869560 -rdynamic -lpthreads 
/usr/bin/ld: cannot find -lpthreads
collect2: error: ld returned 1 exit status
make[2]: *** [cmTryCompileExec3003869560] Error 1
make[2]: Leaving directory `/home/lentin/ball_tracker/build/CMakeFiles/CMakeTmp'
make[1]: *** [cmTryCompileExec3003869560/fast] Error 2
make[1]: Leaving directory `/home/lentin/ball_tracker/build/CMakeFiles/CMakeTmp'


